[debug] [2023-10-20T06:16:44.311Z] ----------------------------------------------------------------------
[debug] [2023-10-20T06:16:44.314Z] Command:       C:\Program Files\nodejs\node.exe C:\Users\leona\AppData\Roaming\npm\node_modules\firebase-tools\lib\bin\firebase.js init
[debug] [2023-10-20T06:16:44.314Z] CLI Version:   12.7.0
[debug] [2023-10-20T06:16:44.314Z] Platform:      win32
[debug] [2023-10-20T06:16:44.314Z] Node Version:  v20.4.0
[debug] [2023-10-20T06:16:44.314Z] Time:          Fri Oct 20 2023 02:16:44 GMT-0400 (Atlantic Standard Time)
[debug] [2023-10-20T06:16:44.314Z] ----------------------------------------------------------------------
[debug] 
[debug] [2023-10-20T06:16:44.378Z] > command requires scopes: ["email","openid","https://www.googleapis.com/auth/cloudplatformprojects.readonly","https://www.googleapis.com/auth/firebase","https://www.googleapis.com/auth/cloud-platform"]
[debug] [2023-10-20T06:16:44.379Z] > authorizing via signed-in user (leonardocruzapolinar@gmail.com)
[info] 
     ######## #### ########  ######## ########     ###     ######  ########
     ##        ##  ##     ## ##       ##     ##  ##   ##  ##       ##
     ######    ##  ########  ######   ########  #########  ######  ######
     ##        ##  ##    ##  ##       ##     ## ##     ##       ## ##
     ##       #### ##     ## ######## ########  ##     ##  ######  ########

You're about to initialize a Firebase project in this directory:

  E:\Documentos\ProyectosHechosEnVsCode\leo-crepe

Before we get started, keep in mind:

  * You are initializing within an existing Firebase project directory

[info] 
=== Project Setup
[info] 
[info] First, let's associate this project directory with a Firebase project.
[info] You can create multiple project aliases by running firebase use --add, 
[info] but for now we'll just set up a default project.
[info] 
[debug] [2023-10-20T06:16:56.892Z] Using project from CLI flag: lacrepe-dce46
[debug] [2023-10-20T06:16:56.894Z] >>> [apiv2][query] GET https://firebase.googleapis.com/v1beta1/projects/lacrepe-dce46 [none]
[debug] [2023-10-20T06:16:57.320Z] <<< [apiv2][status] GET https://firebase.googleapis.com/v1beta1/projects/lacrepe-dce46 200
[debug] [2023-10-20T06:16:57.320Z] <<< [apiv2][body] GET https://firebase.googleapis.com/v1beta1/projects/lacrepe-dce46 {"projectId":"lacrepe-dce46","projectNumber":"28061756023","displayName":"LaCrepe","name":"projects/lacrepe-dce46","resources":{"hostingSite":"lacrepe-dce46","realtimeDatabaseInstance":"lacrepe-dce46-default-rtdb","storageBucket":"lacrepe-dce46.appspot.com","locationId":"us-central"},"state":"ACTIVE","etag":"1_3f4e9545-0798-4eea-8b26-c74e6bfbd1bd"}
[info] i  Using project lacrepe-dce46 (LaCrepe) 
[info] 
=== Hosting Setup
[info] 
[info] Your public directory is the folder (relative to your project directory) that
[info] will contain Hosting assets to be uploaded with firebase deploy. If you
[info] have a build process for your assets, use your build's output directory.
[info] 
[debug] [2023-10-20T06:17:14.489Z] >>> [apiv2][query] GET https://www.gstatic.com/firebasejs/releases.json [none]
[debug] [2023-10-20T06:17:14.681Z] <<< [apiv2][status] GET https://www.gstatic.com/firebasejs/releases.json 200
[debug] [2023-10-20T06:17:14.681Z] <<< [apiv2][body] GET https://www.gstatic.com/firebasejs/releases.json {"current":{"version":"10.5.0","browserURL":"https://www.gstatic.com/firebasejs/10.5.0/firebase.js","packageURL":"https://www.gstatic.com/firebasejs/10.5.0/firebase.tgz"},"live":{"version":"10.5","browserURL":"https://www.gstatic.com/firebasejs/live/10.5/firebase.js","packageURL":"https://www.gstatic.com/firebasejs/live/10.5/firebase.tgz"},"components":{"analytics":"https://www.gstatic.com/firebasejs/10.5.0/firebase-analytics.js","app":"https://www.gstatic.com/firebasejs/10.5.0/firebase-app.js","app-check":"https://www.gstatic.com/firebasejs/10.5.0/firebase-app-check.js","auth":"https://www.gstatic.com/firebasejs/10.5.0/firebase-auth.js","auth/cordova":"https://www.gstatic.com/firebasejs/10.5.0/firebase-auth/cordova.js","functions":"https://www.gstatic.com/firebasejs/10.5.0/firebase-functions.js","firestore":"https://www.gstatic.com/firebasejs/10.5.0/firebase-firestore.js","firestore/lite":"https://www.gstatic.com/firebasejs/10.5.0/firebase-firestore/lite.js","installations":"https://www.gstatic.com/firebasejs/10.5.0/firebase-installations.js","storage":"https://www.gstatic.com/firebasejs/10.5.0/firebase-storage.js","performance":"https://www.gstatic.com/firebasejs/10.5.0/firebase-performance.js","remote-config":"https://www.gstatic.com/firebasejs/10.5.0/firebase-remote-config.js","messaging":"https://www.gstatic.com/firebasejs/10.5.0/firebase-messaging.js","messaging/sw":"https://www.gstatic.com/firebasejs/10.5.0/firebase-messaging/sw.js","database":"https://www.gstatic.com/firebasejs/10.5.0/firebase-database.js","firestore.memory":"https://www.gstatic.com/firebasejs/10.5.0/firebase-firestore.memory.js"}}
[info] +  Wrote build/index.html 
[info] 
[info] i  Detected a .git folder at E:\Documentos\ProyectosHechosEnVsCode\leo-crepe 
[info] i  Authorizing with GitHub to upload your service account to a GitHub repository's secrets store. 
[info] 
[info] Visit this URL on this device to log in:
[info] https://github.com/login/oauth/authorize?client_id=89cf50f02ac6aaed3484&state=1002122647&redirect_uri=http%3A%2F%2Flocalhost%3A9005&scope=read%3Auser%20repo%20public_repo
[info] 
[info] Waiting for authentication...
[debug] [2023-10-20T06:20:06.181Z] >>> [apiv2][query] POST https://github.com/login/oauth/access_token [none]
[debug] [2023-10-20T06:20:06.181Z] >>> [apiv2][body] POST https://github.com/login/oauth/access_token [stream]
[debug] [2023-10-20T06:20:06.487Z] <<< [apiv2][status] POST https://github.com/login/oauth/access_token 200
[debug] [2023-10-20T06:20:06.487Z] <<< [apiv2][body] POST https://github.com/login/oauth/access_token {"access_token":"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","token_type":"bearer","scope":"read:user,repo"}
[debug] [2023-10-20T06:20:06.492Z] >>> [apiv2][query] GET https://api.github.com/user [none]
[debug] [2023-10-20T06:20:06.806Z] <<< [apiv2][status] GET https://api.github.com/user 200
[debug] [2023-10-20T06:20:06.806Z] <<< [apiv2][body] GET https://api.github.com/user {"login":"LeoCruzApolinar","id":47111358,"node_id":"MDQ6VXNlcjQ3MTExMzU4","avatar_url":"https://avatars.githubusercontent.com/u/47111358?v=4","gravatar_id":"","url":"https://api.github.com/users/LeoCruzApolinar","html_url":"https://github.com/LeoCruzApolinar","followers_url":"https://api.github.com/users/LeoCruzApolinar/followers","following_url":"https://api.github.com/users/LeoCruzApolinar/following{/other_user}","gists_url":"https://api.github.com/users/LeoCruzApolinar/gists{/gist_id}","starred_url":"https://api.github.com/users/LeoCruzApolinar/starred{/owner}{/repo}","subscriptions_url":"https://api.github.com/users/LeoCruzApolinar/subscriptions","organizations_url":"https://api.github.com/users/LeoCruzApolinar/orgs","repos_url":"https://api.github.com/users/LeoCruzApolinar/repos","events_url":"https://api.github.com/users/LeoCruzApolinar/events{/privacy}","received_events_url":"https://api.github.com/users/LeoCruzApolinar/received_events","type":"User","site_admin":false,"name":"Jose Leonardo Cruz Apolinar","company":null,"blog":"","location":null,"email":null,"hireable":null,"bio":null,"twitter_username":null,"public_repos":12,"public_gists":3,"followers":0,"following":0,"created_at":"2019-01-28T14:06:47Z","updated_at":"2023-10-20T06:18:31Z","private_gists":0,"total_private_repos":8,"owned_private_repos":8,"disk_usage":75185,"collaborators":4,"two_factor_authentication":false,"plan":{"name":"free","space":976562499,"collaborators":0,"private_repos":10000}}
[info] 
[info] +  Success! Logged into GitHub as LeoCruzApolinar 
[info] 
